This is pdfTeX, Version 3.14159265-2.6-1.40.17 (TeX Live 2016) (preloaded format=pdflatex 2017.3.2)  10 AUG 2019 15:05
entering extended mode
 restricted \write18 enabled.
 %&-line parsing enabled.
**/home/clay/School/Profesional/ClathomasPrime.github.io/index.html
(/home/clay/School/Profesional/ClathomasPrime.github.io/index.html
LaTeX2e <2017/01/01> patch level 3
Babel <3.9r> and hyphenation patterns for 83 language(s) loaded.

! LaTeX Error: Missing \begin{document}.

See the LaTeX manual or LaTeX Companion for explanation.
Type  H <return>  for immediate help.
 ...                                              
                                                  
l.1 <
     !DOCTYPE html>
? x
 
Here is how much of TeX's memory you used:
 7 strings out of 493013
 417 string characters out of 6133329
 53646 words of memory out of 5000000
 3649 multiletter control sequences out of 15000+600000
 3640 words of font info for 14 fonts, out of 8000000 for 9000
 1141 hyphenation exceptions out of 8191
 5i,0n,4p,85b,14s stack positions out of 5000i,500n,10000p,200000b,80000s
No pages of output.
PDF statistics:
 0 PDF objects out of 1000 (max. 8388607)
 0 named destinations out of 1000 (max. 500000)
 1 words of extra memory for PDF output out of 10000 (max. 10000000)

